Traceback (most recent call last):
  File "/opt/homebrew/Caskroom/miniconda/base/envs/earthkit/lib/python3.10/site-packages/jupyter_cache/executors/utils.py", line 58, in single_nb_execution
    executenb(
  File "/opt/homebrew/Caskroom/miniconda/base/envs/earthkit/lib/python3.10/site-packages/nbclient/client.py", line 1314, in execute
    return NotebookClient(nb=nb, resources=resources, km=km, **kwargs).execute()
  File "/opt/homebrew/Caskroom/miniconda/base/envs/earthkit/lib/python3.10/site-packages/jupyter_core/utils/__init__.py", line 165, in wrapped
    return loop.run_until_complete(inner)
  File "/opt/homebrew/Caskroom/miniconda/base/envs/earthkit/lib/python3.10/asyncio/base_events.py", line 649, in run_until_complete
    return future.result()
  File "/opt/homebrew/Caskroom/miniconda/base/envs/earthkit/lib/python3.10/site-packages/nbclient/client.py", line 709, in async_execute
    await self.async_execute_cell(
  File "/opt/homebrew/Caskroom/miniconda/base/envs/earthkit/lib/python3.10/site-packages/nbclient/client.py", line 1062, in async_execute_cell
    await self._check_raise_for_error(cell, cell_index, exec_reply)
  File "/opt/homebrew/Caskroom/miniconda/base/envs/earthkit/lib/python3.10/site-packages/nbclient/client.py", line 918, in _check_raise_for_error
    raise CellExecutionError.from_cell_and_msg(cell, exec_reply_content)
nbclient.exceptions.CellExecutionError: An error occurred while executing the following cell:
------------------

# If you are using the pre-downloaded data then please set DOWNLOAD_FROM_CDS to False
# and set the LOCAL_DATA_DIR to where you stored the data.

# This is the new method of downloading but it does not yet support the EWDS, keeping it here for when its ready...
DOWNLOAD_FROM_CDS = False
LOCAL_DATA_DIR = "data/"
TARGET=f"{LOCAL_DATA_DIR}/fwinx_reanalysis.grib"
os.makedirs(LOCAL_DATA_DIR,exist_ok=True)

fwi_data = ek.data.from_source(
    "cds",
    "cems-fire-historical-v1",
    variable= ["fire_weather_index"],
    dataset_type= "consolidated_dataset",
    system_version= ["4_1"],
    year= ["2024"],
    month= ["07"],
    day= ["31"],
    grid= "0.25/0.25"
)
------------------

----- stderr -----
2024-11-21 14:30:25,696 WARNING [2024-11-19T00:00:00] Issue with underlaying infrastructure is now solved. System should gradually recover. Please check updated status [here](https://status.ecmwf.int/)
----- stderr -----
2024-11-21 14:30:25,696 INFO [2024-09-26T00:00:00] Welcome to the New [CEMS](https://emergency.copernicus.eu/) [Early Warning Data Store (EWDS)](https://ewds-beta.climate.copernicus.eu/)! This new system is in its early days of full operations and still undergoing enhancements and fine tuning. Some disruptions are to be expected. Your [feedback](https://jira.ecmwf.int/plugins/servlet/desk/portal/1/create/202) is key to improve the user experience on the new EWDS for the benefit of everyone. Thank you.
----- stderr -----
2024-11-21 14:30:25,697 INFO [2024-09-26T00:00:00] Watch our [Forum]( https://forum.ecmwf.int/) for Announcements, news and other discussed topics.
----- stderr -----
2024-11-21 14:30:25,997 WARNING [2024-11-19T00:00:00] Issue with underlaying infrastructure is now solved. System should gradually recover. Please check updated status [here](https://status.ecmwf.int/)
----- stderr -----
2024-11-21 14:30:25,998 INFO [2024-09-26T00:00:00] Welcome to the New [CEMS](https://emergency.copernicus.eu/) [Early Warning Data Store (EWDS)](https://ewds-beta.climate.copernicus.eu/)! This new system is in its early days of full operations and still undergoing enhancements and fine tuning. Some disruptions are to be expected. Your [feedback](https://jira.ecmwf.int/plugins/servlet/desk/portal/1/create/202) is key to improve the user experience on the new EWDS for the benefit of everyone. Thank you.
----- stderr -----
2024-11-21 14:30:25,999 INFO [2024-09-26T00:00:00] Watch our [Forum]( https://forum.ecmwf.int/) for Announcements, news and other discussed topics.
----- stderr -----
2024-11-21 14:30:26,420 WARNING [2023-12-12T13:00:00] This is a CEMS dataset!
----- stderr -----
2024-11-21 14:30:26,421 INFO Request ID is b4de2a08-55d0-4454-b6bd-26261543c6f1
----- stderr -----
2024-11-21 14:30:26,480 INFO status has been updated to accepted
------------------

[0;31m---------------------------------------------------------------------------[0m
[0;31mKeyboardInterrupt[0m                         Traceback (most recent call last)
Cell [0;32mIn[2], line 10[0m
[1;32m      7[0m TARGET[38;5;241m=[39m[38;5;124mf[39m[38;5;124m"[39m[38;5;132;01m{[39;00mLOCAL_DATA_DIR[38;5;132;01m}[39;00m[38;5;124m/fwinx_reanalysis.grib[39m[38;5;124m"[39m
[1;32m      8[0m os[38;5;241m.[39mmakedirs(LOCAL_DATA_DIR,exist_ok[38;5;241m=[39m[38;5;28;01mTrue[39;00m)
[0;32m---> 10[0m fwi_data [38;5;241m=[39m [43mek[49m[38;5;241;43m.[39;49m[43mdata[49m[38;5;241;43m.[39;49m[43mfrom_source[49m[43m([49m
[1;32m     11[0m [43m    [49m[38;5;124;43m"[39;49m[38;5;124;43mcds[39;49m[38;5;124;43m"[39;49m[43m,[49m
[1;32m     12[0m [43m    [49m[38;5;124;43m"[39;49m[38;5;124;43mcems-fire-historical-v1[39;49m[38;5;124;43m"[39;49m[43m,[49m
[1;32m     13[0m [43m    [49m[43mvariable[49m[38;5;241;43m=[39;49m[43m [49m[43m[[49m[38;5;124;43m"[39;49m[38;5;124;43mfire_weather_index[39;49m[38;5;124;43m"[39;49m[43m][49m[43m,[49m
[1;32m     14[0m [43m    [49m[43mdataset_type[49m[38;5;241;43m=[39;49m[43m [49m[38;5;124;43m"[39;49m[38;5;124;43mconsolidated_dataset[39;49m[38;5;124;43m"[39;49m[43m,[49m
[1;32m     15[0m [43m    [49m[43msystem_version[49m[38;5;241;43m=[39;49m[43m [49m[43m[[49m[38;5;124;43m"[39;49m[38;5;124;43m4_1[39;49m[38;5;124;43m"[39;49m[43m][49m[43m,[49m
[1;32m     16[0m [43m    [49m[43myear[49m[38;5;241;43m=[39;49m[43m [49m[43m[[49m[38;5;124;43m"[39;49m[38;5;124;43m2024[39;49m[38;5;124;43m"[39;49m[43m][49m[43m,[49m
[1;32m     17[0m [43m    [49m[43mmonth[49m[38;5;241;43m=[39;49m[43m [49m[43m[[49m[38;5;124;43m"[39;49m[38;5;124;43m07[39;49m[38;5;124;43m"[39;49m[43m][49m[43m,[49m
[1;32m     18[0m [43m    [49m[43mday[49m[38;5;241;43m=[39;49m[43m [49m[43m[[49m[38;5;124;43m"[39;49m[38;5;124;43m31[39;49m[38;5;124;43m"[39;49m[43m][49m[43m,[49m
[1;32m     19[0m [43m    [49m[43mgrid[49m[38;5;241;43m=[39;49m[43m [49m[38;5;124;43m"[39;49m[38;5;124;43m0.25/0.25[39;49m[38;5;124;43m"[39;49m
[1;32m     20[0m [43m)[49m

File [0;32m/opt/homebrew/Caskroom/miniconda/base/envs/earthkit/lib/python3.10/site-packages/earthkit/data/sources/__init__.py:150[0m, in [0;36mfrom_source[0;34m(name, lazily, *args, **kwargs)[0m
[1;32m    147[0m     [38;5;28;01mreturn[39;00m from_source_lazily(name, [38;5;241m*[39margs, [38;5;241m*[39m[38;5;241m*[39mkwargs)
[1;32m    149[0m prev [38;5;241m=[39m [38;5;28;01mNone[39;00m
[0;32m--> 150[0m src [38;5;241m=[39m [43mget_source[49m[43m([49m[43mname[49m[43m,[49m[43m [49m[38;5;241;43m*[39;49m[43margs[49m[43m,[49m[43m [49m[38;5;241;43m*[39;49m[38;5;241;43m*[39;49m[43mkwargs[49m[43m)[49m
[1;32m    151[0m [38;5;28;01mwhile[39;00m src [38;5;129;01mis[39;00m [38;5;129;01mnot[39;00m prev:
[1;32m    152[0m     prev [38;5;241m=[39m src

File [0;32m/opt/homebrew/Caskroom/miniconda/base/envs/earthkit/lib/python3.10/site-packages/earthkit/data/sources/__init__.py:131[0m, in [0;36mSourceMaker.__call__[0;34m(self, name, *args, **kwargs)[0m
[1;32m    128[0m     klass [38;5;241m=[39m find_plugin(os[38;5;241m.[39mpath[38;5;241m.[39mdirname([38;5;18m__file__[39m), name, loader)
[1;32m    129[0m     [38;5;28mself[39m[38;5;241m.[39mSOURCES[name] [38;5;241m=[39m klass
[0;32m--> 131[0m source [38;5;241m=[39m [43mklass[49m[43m([49m[38;5;241;43m*[39;49m[43margs[49m[43m,[49m[43m [49m[38;5;241;43m*[39;49m[38;5;241;43m*[39;49m[43mkwargs[49m[43m)[49m
[1;32m    133[0m [38;5;28;01mif[39;00m [38;5;28mgetattr[39m(source, [38;5;124m"[39m[38;5;124mname[39m[38;5;124m"[39m, [38;5;28;01mNone[39;00m) [38;5;129;01mis[39;00m [38;5;28;01mNone[39;00m:
[1;32m    134[0m     source[38;5;241m.[39mname [38;5;241m=[39m name

File [0;32m/opt/homebrew/Caskroom/miniconda/base/envs/earthkit/lib/python3.10/site-packages/earthkit/data/core/__init__.py:22[0m, in [0;36mMetaBase.__call__[0;34m(cls, *args, **kwargs)[0m
[1;32m     20[0m obj [38;5;241m=[39m [38;5;28mcls[39m[38;5;241m.[39m[38;5;21m__new__[39m([38;5;28mcls[39m, [38;5;241m*[39margs, [38;5;241m*[39m[38;5;241m*[39mkwargs)
[1;32m     21[0m args, kwargs [38;5;241m=[39m [38;5;28mcls[39m[38;5;241m.[39mpatch(obj, [38;5;241m*[39margs, [38;5;241m*[39m[38;5;241m*[39mkwargs)
[0;32m---> 22[0m [43mobj[49m[38;5;241;43m.[39;49m[38;5;21;43m__init__[39;49m[43m([49m[38;5;241;43m*[39;49m[43margs[49m[43m,[49m[43m [49m[38;5;241;43m*[39;49m[38;5;241;43m*[39;49m[43mkwargs[49m[43m)[49m
[1;32m     23[0m [38;5;28;01mreturn[39;00m obj

File [0;32m/opt/homebrew/Caskroom/miniconda/base/envs/earthkit/lib/python3.10/site-packages/earthkit/data/sources/cds.py:126[0m, in [0;36mCdsRetriever.__init__[0;34m(self, dataset, prompt, *args, **kwargs)[0m
[1;32m    123[0m nthreads [38;5;241m=[39m [38;5;28mmin[39m([38;5;28mself[39m[38;5;241m.[39msettings([38;5;124m"[39m[38;5;124mnumber-of-download-threads[39m[38;5;124m"[39m), [38;5;28mlen[39m([38;5;28mself[39m[38;5;241m.[39mrequests))
[1;32m    125[0m [38;5;28;01mif[39;00m nthreads [38;5;241m<[39m [38;5;241m2[39m:
[0;32m--> 126[0m     [38;5;28mself[39m[38;5;241m.[39mpath [38;5;241m=[39m [[38;5;28mself[39m[38;5;241m.[39m_retrieve(dataset, r) [38;5;28;01mfor[39;00m r [38;5;129;01min[39;00m [38;5;28mself[39m[38;5;241m.[39mrequests]
[1;32m    127[0m [38;5;28;01melse[39;00m:
[1;32m    128[0m     [38;5;28;01mwith[39;00m SoftThreadPool(nthreads[38;5;241m=[39mnthreads) [38;5;28;01mas[39;00m pool:

File [0;32m/opt/homebrew/Caskroom/miniconda/base/envs/earthkit/lib/python3.10/site-packages/earthkit/data/sources/cds.py:126[0m, in [0;36m<listcomp>[0;34m(.0)[0m
[1;32m    123[0m nthreads [38;5;241m=[39m [38;5;28mmin[39m([38;5;28mself[39m[38;5;241m.[39msettings([38;5;124m"[39m[38;5;124mnumber-of-download-threads[39m[38;5;124m"[39m), [38;5;28mlen[39m([38;5;28mself[39m[38;5;241m.[39mrequests))
[1;32m    125[0m [38;5;28;01mif[39;00m nthreads [38;5;241m<[39m [38;5;241m2[39m:
[0;32m--> 126[0m     [38;5;28mself[39m[38;5;241m.[39mpath [38;5;241m=[39m [[38;5;28;43mself[39;49m[38;5;241;43m.[39;49m[43m_retrieve[49m[43m([49m[43mdataset[49m[43m,[49m[43m [49m[43mr[49m[43m)[49m [38;5;28;01mfor[39;00m r [38;5;129;01min[39;00m [38;5;28mself[39m[38;5;241m.[39mrequests]
[1;32m    127[0m [38;5;28;01melse[39;00m:
[1;32m    128[0m     [38;5;28;01mwith[39;00m SoftThreadPool(nthreads[38;5;241m=[39mnthreads) [38;5;28;01mas[39;00m pool:

File [0;32m/opt/homebrew/Caskroom/miniconda/base/envs/earthkit/lib/python3.10/site-packages/earthkit/data/sources/cds.py:140[0m, in [0;36mCdsRetriever._retrieve[0;34m(self, dataset, request)[0m
[1;32m    137[0m     [38;5;28mself[39m[38;5;241m.[39msource_filename [38;5;241m=[39m cds_result[38;5;241m.[39mlocation[38;5;241m.[39msplit([38;5;124m"[39m[38;5;124m/[39m[38;5;124m"[39m)[[38;5;241m-[39m[38;5;241m1[39m]
[1;32m    138[0m     cds_result[38;5;241m.[39mdownload(target[38;5;241m=[39mtarget)
[0;32m--> 140[0m return_object [38;5;241m=[39m [38;5;28;43mself[39;49m[38;5;241;43m.[39;49m[43mcache_file[49m[43m([49m
[1;32m    141[0m [43m    [49m[43mretrieve[49m[43m,[49m
[1;32m    142[0m [43m    [49m[43m([49m[43mdataset[49m[43m,[49m[43m [49m[43mrequest[49m[43m)[49m[43m,[49m
[1;32m    143[0m [43m    [49m[43mextension[49m[38;5;241;43m=[39;49m[43mEXTENSIONS[49m[38;5;241;43m.[39;49m[43mget[49m[43m([49m[43mrequest[49m[38;5;241;43m.[39;49m[43mget[49m[43m([49m[38;5;124;43m"[39;49m[38;5;124;43mformat[39;49m[38;5;124;43m"[39;49m[43m)[49m[43m,[49m[43m [49m[38;5;124;43m"[39;49m[38;5;124;43m.cache[39;49m[38;5;124;43m"[39;49m[43m)[49m[43m,[49m
[1;32m    144[0m [43m[49m[43m)[49m
[1;32m    145[0m [38;5;28;01mreturn[39;00m return_object

File [0;32m/opt/homebrew/Caskroom/miniconda/base/envs/earthkit/lib/python3.10/site-packages/earthkit/data/sources/__init__.py:68[0m, in [0;36mSource.cache_file[0;34m(self, create, args, **kwargs)[0m
[1;32m     65[0m [38;5;28;01mif[39;00m owner [38;5;129;01mis[39;00m [38;5;28;01mNone[39;00m:
[1;32m     66[0m     owner [38;5;241m=[39m re[38;5;241m.[39msub([38;5;124mr[39m[38;5;124m"[39m[38;5;124m(?!^)([A-Z]+)[39m[38;5;124m"[39m, [38;5;124mr[39m[38;5;124m"[39m[38;5;124m-[39m[38;5;124m\[39m[38;5;124m1[39m[38;5;124m"[39m, [38;5;28mself[39m[38;5;241m.[39m[38;5;18m__class__[39m[38;5;241m.[39m[38;5;18m__name__[39m)[38;5;241m.[39mlower()
[0;32m---> 68[0m [38;5;28;01mreturn[39;00m [43mcache_file[49m[43m([49m[43mowner[49m[43m,[49m[43m [49m[43mcreate[49m[43m,[49m[43m [49m[43margs[49m[43m,[49m[43m [49m[38;5;241;43m*[39;49m[38;5;241;43m*[39;49m[43mkwargs[49m[43m)[49m

File [0;32m/opt/homebrew/Caskroom/miniconda/base/envs/earthkit/lib/python3.10/site-packages/earthkit/data/core/caching.py:1053[0m, in [0;36mcache_file[0;34m(owner, create, args, hash_extra, extension, force, replace)[0m
[1;32m   1051[0m [38;5;28;01mwith[39;00m FileLock(lock):
[1;32m   1052[0m     [38;5;28;01mif[39;00m [38;5;129;01mnot[39;00m os[38;5;241m.[39mpath[38;5;241m.[39mexists(path):  [38;5;66;03m# Check again, another thread/process may have created the file[39;00m
[0;32m-> 1053[0m         owner_data [38;5;241m=[39m [43mcreate[49m[43m([49m[43mpath[49m[43m [49m[38;5;241;43m+[39;49m[43m [49m[38;5;124;43m"[39;49m[38;5;124;43m.tmp[39;49m[38;5;124;43m"[39;49m[43m,[49m[43m [49m[43margs[49m[43m)[49m
[1;32m   1054[0m         os[38;5;241m.[39mrename(path [38;5;241m+[39m [38;5;124m"[39m[38;5;124m.tmp[39m[38;5;124m"[39m, path)
[1;32m   1055[0m [38;5;28;01mtry[39;00m:

File [0;32m/opt/homebrew/Caskroom/miniconda/base/envs/earthkit/lib/python3.10/site-packages/earthkit/data/sources/cds.py:136[0m, in [0;36mCdsRetriever._retrieve.<locals>.retrieve[0;34m(target, args)[0m
[1;32m    135[0m [38;5;28;01mdef[39;00m [38;5;21mretrieve[39m(target, args):
[0;32m--> 136[0m     cds_result [38;5;241m=[39m [38;5;28;43mself[39;49m[38;5;241;43m.[39;49m[43mclient[49m[43m([49m[43m)[49m[38;5;241;43m.[39;49m[43mretrieve[49m[43m([49m[43margs[49m[43m[[49m[38;5;241;43m0[39;49m[43m][49m[43m,[49m[43m [49m[43margs[49m[43m[[49m[38;5;241;43m1[39;49m[43m][49m[43m)[49m
[1;32m    137[0m     [38;5;28mself[39m[38;5;241m.[39msource_filename [38;5;241m=[39m cds_result[38;5;241m.[39mlocation[38;5;241m.[39msplit([38;5;124m"[39m[38;5;124m/[39m[38;5;124m"[39m)[[38;5;241m-[39m[38;5;241m1[39m]
[1;32m    138[0m     cds_result[38;5;241m.[39mdownload(target[38;5;241m=[39mtarget)

File [0;32m/opt/homebrew/Caskroom/miniconda/base/envs/earthkit/lib/python3.10/site-packages/cads_api_client/legacy_api_client.py:152[0m, in [0;36mLegacyApiClient.retrieve[0;34m(self, name, request, target)[0m
[1;32m    150[0m submitted: Remote [38;5;241m|[39m Results
[1;32m    151[0m [38;5;28;01mif[39;00m [38;5;28mself[39m[38;5;241m.[39mwait_until_complete:
[0;32m--> 152[0m     submitted [38;5;241m=[39m [38;5;28;43mself[39;49m[38;5;241;43m.[39;49m[43mclient[49m[38;5;241;43m.[39;49m[43msubmit_and_wait_on_results[49m[43m([49m
[1;32m    153[0m [43m        [49m[43mcollection_id[49m[38;5;241;43m=[39;49m[43mname[49m[43m,[49m
[1;32m    154[0m [43m        [49m[38;5;241;43m*[39;49m[38;5;241;43m*[39;49m[43mrequest[49m[43m,[49m
[1;32m    155[0m [43m    [49m[43m)[49m
[1;32m    156[0m [38;5;28;01melse[39;00m:
[1;32m    157[0m     submitted [38;5;241m=[39m [38;5;28mself[39m[38;5;241m.[39mclient[38;5;241m.[39msubmit(
[1;32m    158[0m         collection_id[38;5;241m=[39mname,
[1;32m    159[0m         [38;5;241m*[39m[38;5;241m*[39mrequest,
[1;32m    160[0m     )

File [0;32m/opt/homebrew/Caskroom/miniconda/base/envs/earthkit/lib/python3.10/site-packages/cads_api_client/api_client.py:456[0m, in [0;36mApiClient.submit_and_wait_on_results[0;34m(self, collection_id, **request)[0m
[1;32m    440[0m [38;5;28;01mdef[39;00m [38;5;21msubmit_and_wait_on_results[39m(
[1;32m    441[0m     [38;5;28mself[39m, collection_id: [38;5;28mstr[39m, [38;5;241m*[39m[38;5;241m*[39mrequest: Any
[1;32m    442[0m ) [38;5;241m-[39m[38;5;241m>[39m cads_api_client[38;5;241m.[39mResults:
[1;32m    443[0m [38;5;250m    [39m[38;5;124;03m"""Submit a request and wait for the results to be ready.[39;00m
[1;32m    444[0m 
[1;32m    445[0m [38;5;124;03m    Parameters[39;00m
[0;32m   (...)[0m
[1;32m    454[0m [38;5;124;03m    cads_api_client.Results[39;00m
[1;32m    455[0m [38;5;124;03m    """[39;00m
[0;32m--> 456[0m     [38;5;28;01mreturn[39;00m [38;5;28;43mself[39;49m[38;5;241;43m.[39;49m[43m_retrieve_api[49m[38;5;241;43m.[39;49m[43msubmit[49m[43m([49m[43mcollection_id[49m[43m,[49m[43m [49m[38;5;241;43m*[39;49m[38;5;241;43m*[39;49m[43mrequest[49m[43m)[49m[38;5;241;43m.[39;49m[43mmake_results[49m[43m([49m[43m)[49m

File [0;32m/opt/homebrew/Caskroom/miniconda/base/envs/earthkit/lib/python3.10/site-packages/cads_api_client/processing.py:525[0m, in [0;36mRemote.make_results[0;34m(self, wait)[0m
[1;32m    523[0m [38;5;28;01mdef[39;00m [38;5;21mmake_results[39m([38;5;28mself[39m, wait: [38;5;28mbool[39m [38;5;241m=[39m [38;5;28;01mTrue[39;00m) [38;5;241m-[39m[38;5;241m>[39m Results:
[1;32m    524[0m     [38;5;28;01mif[39;00m wait:
[0;32m--> 525[0m         [38;5;28;43mself[39;49m[38;5;241;43m.[39;49m[43m_wait_on_results[49m[43m([49m[43m)[49m
[1;32m    526[0m     response [38;5;241m=[39m [38;5;28mself[39m[38;5;241m.[39m_get_api_response([38;5;124m"[39m[38;5;124mget[39m[38;5;124m"[39m)
[1;32m    527[0m     [38;5;28;01mtry[39;00m:

File [0;32m/opt/homebrew/Caskroom/miniconda/base/envs/earthkit/lib/python3.10/site-packages/cads_api_client/processing.py:521[0m, in [0;36mRemote._wait_on_results[0;34m(self)[0m
[1;32m    519[0m     [38;5;28;01mraise[39;00m ProcessingFailedError([38;5;124mf[39m[38;5;124m"[39m[38;5;124mUnknown API state [39m[38;5;132;01m{[39;00mstatus[38;5;132;01m!r}[39;00m[38;5;124m"[39m)
[1;32m    520[0m [38;5;28mself[39m[38;5;241m.[39mdebug([38;5;124mf[39m[38;5;124m"[39m[38;5;124mresults not ready, waiting for [39m[38;5;132;01m{[39;00msleep[38;5;132;01m}[39;00m[38;5;124m seconds[39m[38;5;124m"[39m)
[0;32m--> 521[0m [43mtime[49m[38;5;241;43m.[39;49m[43msleep[49m[43m([49m[43msleep[49m[43m)[49m

[0;31mKeyboardInterrupt[0m: 

